2018-12-22 14:30:22,259 root - WARNING - This will get logged to a file
2018-12-22 14:30:22,259 root - ERROR - Bert raised an error
2018-12-22 14:30:22,259 root - ERROR - Exception occurred
Traceback (most recent call last):
  File "C:\Users\Vrijstaat\Documents\GitHub\Vrijstaat\logtryout.py", line 16, in <module>
    c = a / b
NameError: name 'a' is not defined
2018-12-22 14:30:52,110 root - WARNING - This will get logged to a file
2018-12-22 14:30:52,110 root - ERROR - Bert raised an error
2018-12-22 14:30:52,111 root - ERROR - Exception occurred
Traceback (most recent call last):
  File "C:\Users\Vrijstaat\Documents\GitHub\Vrijstaat\logtryout.py", line 16, in <module>
    c = a / b
NameError: name 'a' is not defined
2018-12-22 14:31:25,791 root - ERROR - Bert raised an error
2018-12-22 14:31:25,791 root - ERROR - Exception occurred
Traceback (most recent call last):
  File "C:\Users\Vrijstaat\Documents\GitHub\Vrijstaat\logtryout.py", line 17, in <module>
    c = a / b
NameError: name 'a' is not defined
2018-12-22 14:32:17,575 root - INFO - -------------------------------------------------------------------
2018-12-22 14:32:17,575 root - ERROR - Bert raised an error
2018-12-22 14:32:17,575 root - ERROR - Exception occurred
Traceback (most recent call last):
  File "C:\Users\Vrijstaat\Documents\GitHub\Vrijstaat\logtryout.py", line 17, in <module>
    c = a / b
NameError: name 'a' is not defined
2018-12-22 14:44:06,101 root - INFO - -------------------------------------------------------------------
2018-12-22 14:44:06,101 root - INFO - Program started
2018-12-22 14:44:06,101 root - INFO - -------------------------------------------------------------------
2018-12-22 14:44:06,161 root - INFO - MQTT Failed to connect
2018-12-22 14:44:55,021 root - INFO - -------------------------------------------------------------------
2018-12-22 14:44:55,022 root - INFO - Program started
2018-12-22 14:44:55,022 root - INFO - -------------------------------------------------------------------
2018-12-22 14:44:55,030 root - INFO - MQTT Failed to connect
2018-12-22 14:45:40,245 root - INFO - -------------------------------------------------------------------
2018-12-22 14:45:40,245 root - INFO - Program started
2018-12-22 14:45:40,246 root - INFO - -------------------------------------------------------------------
2018-12-22 14:45:40,253 root - INFO - MQTT Connected in: 0
2018-12-22 15:46:38,513 root - INFO - -------------------------------------------------------------------
2018-12-22 15:46:38,553 root - INFO - Program started
2018-12-22 15:46:38,553 root - INFO - -------------------------------------------------------------------
2018-12-22 15:46:38,673 root - INFO - MQTT Connected in: 0
2018-12-22 15:47:29,290 root - INFO - -------------------------------------------------------------------
2018-12-22 15:47:29,290 root - INFO - Program started
2018-12-22 15:47:29,291 root - INFO - -------------------------------------------------------------------
2018-12-22 15:47:29,309 root - INFO - MQTT Connected in: 0
2018-12-22 15:47:37,080 root - INFO - Entrance start after: 7756
2018-12-22 15:47:57,108 root - INFO - -------------------------------------------------------------------
2018-12-22 15:47:57,109 root - INFO - Program started
2018-12-22 15:47:57,109 root - INFO - -------------------------------------------------------------------
2018-12-22 15:47:57,115 root - INFO - MQTT Connected in: 0
2018-12-22 15:47:59,327 root - INFO - Entrance start after: 2196
2018-12-22 15:48:37,779 root - INFO - -------------------------------------------------------------------
2018-12-22 15:48:37,780 root - INFO - Program started
2018-12-22 15:48:37,780 root - INFO - -------------------------------------------------------------------
2018-12-22 15:48:37,789 root - INFO - MQTT Connected in: 0
2018-12-22 15:48:39,657 root - INFO - Entrance start after: 1853
2018-12-22 15:49:43,624 root - INFO - -------------------------------------------------------------------
2018-12-22 15:49:43,624 root - INFO - Program started
2018-12-22 15:49:43,624 root - INFO - -------------------------------------------------------------------
2018-12-22 15:49:43,693 root - INFO - MQTT Connected in: 0
2018-12-22 15:49:46,592 root - INFO - Entrance start after: 2883
2018-12-22 15:50:48,164 root - INFO - -------------------------------------------------------------------
2018-12-22 15:50:48,165 root - INFO - Program started
2018-12-22 15:50:48,165 root - INFO - -------------------------------------------------------------------
2018-12-22 15:50:48,172 root - INFO - MQTT Connected in: 0
2018-12-22 15:50:49,491 root - INFO - Entrance start after: 1304
2018-12-22 15:51:01,123 root - INFO - -------------------------------------------------------------------
2018-12-22 15:51:01,124 root - INFO - Program started
2018-12-22 15:51:01,124 root - INFO - -------------------------------------------------------------------
2018-12-22 15:51:01,133 root - INFO - MQTT Connected in: 0
2018-12-22 15:51:03,446 root - INFO - Entrance start after: 2298
2018-12-22 15:53:01,289 root - INFO - -------------------------------------------------------------------
2018-12-22 15:53:01,289 root - INFO - Program started
2018-12-22 15:53:01,289 root - INFO - -------------------------------------------------------------------
2018-12-22 15:53:01,299 root - INFO - MQTT Connected in: 0
2018-12-22 15:53:04,010 root - INFO - Entrance start after: 2695.0
2018-12-22 15:53:24,670 root - INFO - -------------------------------------------------------------------
2018-12-22 15:53:24,671 root - INFO - Program started
2018-12-22 15:53:24,671 root - INFO - -------------------------------------------------------------------
2018-12-22 15:53:24,677 root - INFO - MQTT Connected in: 0
2018-12-22 15:53:26,696 root - INFO - Entrance start after: 2003.0
2018-12-22 15:55:58,981 root - INFO - -------------------------------------------------------------------
2018-12-22 15:55:58,982 root - INFO - Program started
2018-12-22 15:55:58,982 root - INFO - -------------------------------------------------------------------
2018-12-22 15:55:59,043 root - INFO - MQTT Connected in: 0
2018-12-22 15:56:01,327 root - INFO - Entrance start after: 2269
2018-12-22 16:12:11,927 root - INFO - -------------------------------------------------------------------
2018-12-22 16:12:11,928 root - INFO - Program started
2018-12-22 16:12:11,928 root - INFO - -------------------------------------------------------------------
2018-12-22 16:12:12,035 root - INFO - MQTT Connected in: 0
2018-12-22 17:27:08,114 root - INFO - -------------------------------------------------------------------
2018-12-22 17:27:08,114 root - INFO - Program started
2018-12-22 17:27:08,114 root - INFO - -------------------------------------------------------------------
2018-12-22 17:27:08,182 root - INFO - MQTT Connected in: 0
2018-12-22 17:27:51,952 root - INFO - -------------------------------------------------------------------
2018-12-22 17:27:51,952 root - INFO - Program started
2018-12-22 17:27:51,952 root - INFO - -------------------------------------------------------------------
2018-12-22 17:27:51,962 root - INFO - MQTT Connected in: 0
2018-12-22 18:58:39,540 root - INFO - -------------------------------------------------------------------
2018-12-22 18:58:39,540 root - INFO - Program started
2018-12-22 18:58:39,540 root - INFO - -------------------------------------------------------------------
2018-12-22 18:58:39,622 root - INFO - MQTT Connected in: 0
2018-12-22 19:02:44,741 root - INFO - -------------------------------------------------------------------
2018-12-22 19:02:44,741 root - INFO - Program started
2018-12-22 19:02:44,741 root - INFO - -------------------------------------------------------------------
2018-12-22 19:02:44,787 root - INFO - MQTT Connected in: 0
2018-12-22 19:39:52,178 root - INFO - -------------------------------------------------------------------
2018-12-22 19:39:52,199 root - INFO - Program started
2018-12-22 19:39:52,199 root - INFO - -------------------------------------------------------------------
2018-12-22 19:39:52,264 root - INFO - MQTT Connected in: 0
